NOTE: PROCEDURE PRINTTO used (Total process time):
      real time           0.00 seconds
      cpu time            0.00 seconds
      

Traverser: Traverser invoked.  MPCONNECT command is !sascmdv -nosyntaxcheck -noasynchio -noobjectserver. 
Traverser: Beginning flow traversal 
15517      data _null_;
MPRINT(EM_DIAGRAM):    data _null_;
15518      file emwipmsg;
MPRINT(EM_DIAGRAM):   file emwipmsg;
15519      put '<Node Id="Ids2" Event="Run" Pid="7568" Gridid=""/>';
MPRINT(EM_DIAGRAM):   put '<Node Id="Ids2" Event="Run" Pid="7568" Gridid=""/>';
15520      run;
MPRINT(EM_DIAGRAM):   run;

NOTE: The file EMWIPMSG is:
      Local Host Name=Andras,
      Local Host IP addr=fe80::3868:c6be:91a4:3f35%9,
      Peer Hostname Name=Andras,
      Peer IP addr=127.0.0.1,Peer Name=N/A,
      Peer Portno=51260,Lrecl=256,Recfm=Variable

NOTE: 1 record was written to the file EMWIPMSG.
      The minimum record length was 50.
      The maximum record length was 50.
NOTE: DATA statement used (Total process time):
      real time           0.00 seconds
      cpu time            0.00 seconds
      

15521      %let emloopmode =;
*------------------------------------------------------------* 
* 
* Ids2 : Beginning update before running 
* datetime : 15DEC2015:17:53:59 
* 
*------------------------------------------------------------* 
A LIST()[15115] 
15522      *------------------------------------------------------------*;
MPRINT(EM_DIAGRAM):     *------------------------------------------------------------*;
15523      * Ids2: Update Variables Set;
MPRINT(EM_DIAGRAM):   * Ids2: Update Variables Set;
15524      *------------------------------------------------------------*;
MPRINT(EM_DIAGRAM):   *------------------------------------------------------------*;

15525      data EMWS1.Ids2_VariableSet;
MPRINT(EM_DIAGRAM):    data EMWS1.Ids2_VariableSet;
15526      length ROLE $32;
MPRINT(EM_DIAGRAM):   length ROLE $32;
15527      length LEVEL $8;
MPRINT(EM_DIAGRAM):   length LEVEL $8;
15528      length REPORT $1;
MPRINT(EM_DIAGRAM):   length REPORT $1;
15529      label REPORT = "Report";
MPRINT(EM_DIAGRAM):   label REPORT = "Report";
15530      length ORDER $8;
MPRINT(EM_DIAGRAM):   length ORDER $8;
15531      length DROP $1;
MPRINT(EM_DIAGRAM):   length DROP $1;
15532      length LOWERLIMIT 8;
MPRINT(EM_DIAGRAM):   length LOWERLIMIT 8;
15533      length UPPERLIMIT 8;
MPRINT(EM_DIAGRAM):   length UPPERLIMIT 8;
15534      set EMWS1.Ids2_EMCMETADEFAULT;
MPRINT(EM_DIAGRAM):   set EMWS1.Ids2_EMCMETADEFAULT;
15535      run;
MPRINT(EM_DIAGRAM):   run;

NOTE: There were 17 observations read from the data set EMWS1.IDS2_EMCMETADEFAULT.
NOTE: The data set EMWS1.IDS2_VARIABLESET has 17 observations and 21 variables.
NOTE: DATA statement used (Total process time):
      real time           0.00 seconds
      cpu time            0.00 seconds
      

15536      * Ids2: End of Update Variables Set;
MPRINT(EM_DIAGRAM):    * Ids2: End of Update Variables Set;
15537      *------------------------------------------------------------*;
MPRINT(EM_DIAGRAM):   *------------------------------------------------------------*;

MPRINT(EM_DIAGRAM):    filename _emtool_ 'F:\Dropbox\NOVA\1st\DataMining\Project\DataMining\Songs\SAS_Miner\Songs\Workspaces\EMWS1\Ids2\PROPERTIES.xml' encoding="UTF-8" NOBOM;
*------------------------------------------------------------* 
* 
* Ids2 : End update 
* datetime : 15DEC2015:17:53:59 
* 
*------------------------------------------------------------* 
15539      %em_getactionstatus(emlib =EMWS1, nodeid=Ids2);
MPRINT(EM_DIAGRAM):   
MPRINT(EM_GETACTIONSTATUS):   proc display c=sashelp.emutil.getactionstatus.scl;
MPRINT(EM_GETACTIONSTATUS):   run;

15540      %let em_Train = Y;
15541      %let em_Report = Y;
15542      %let em_Score = Y;
15543      %let em_Run = Y;
NOTE: PROCEDURE DISPLAY used (Total process time):
      real time           0.00 seconds
      cpu time            0.00 seconds
      

MPRINT(EM_GETACTIONSTATUS):   
MPRINT(EM_DIAGRAM):  ;

15544      %let emloopmode =;
15545      %let emloopnumber =0;
15546      %let emloopId =Ids2;
*------------------------------------------------------------* 
* 
* Ids2 : Running 
* datetime : 15DEC2015:17:53:59 
* 
*------------------------------------------------------------* 
15547      %let SYSCC =0;
15548      %let EMGROUPMODE =;
15549      %let EMGROUPID =;
MPRINT(EM_DIAGRAM):      filename temp catalog 'sashelp.emutil.em_vardist.source';
MPRINT(EM_DIAGRAM):   filename temp;
MPRINT(EM_DIAGRAM):   filename temp catalog 'sashelp.emutil.em_classdist.source';
MPRINT(EM_DIAGRAM):   filename temp;
MPRINT(EM_DIAGRAM):   filename temp catalog 'sashelp.emutil.em_checksetinit.source';
MPRINT(EM_DIAGRAM):   filename temp;
MPRINT(EM_DIAGRAM):   filename temp catalog 'sashelp.emutil.em_checkerror.source';
MPRINT(EM_DIAGRAM):   filename temp;
MPRINT(EM_DIAGRAM):   filename temp catalog 'sashelp.emutil.em_odsliston.source';
MPRINT(EM_DIAGRAM):   filename temp;
MPRINT(EM_DIAGRAM):   filename temp catalog 'sashelp.emutil.em_odslistoff.source';
MPRINT(EM_DIAGRAM):   filename temp;
MPRINT(EM_DIAGRAM):   filename temp catalog 'sashelp.emutil.em_getvarname.source';
MPRINT(EM_DIAGRAM):   filename temp;
MPRINT(EM_DIAGRAM):   filename temp catalog 'sashelp.emassmt.em_assess.source';
MPRINT(EM_DIAGRAM):   filename temp;
MPRINT(EM_DIAGRAM):    filename L03GB7WK "F:\Dropbox\NOVA\1st\DataMining\Project\DataMining\Songs\SAS_Miner\Songs\Workspaces\EMWS1\Ids2\EMTRAIN.log" encoding="UTF-8" NOBOM;
MPRINT(EM_DIAGRAM):   proc printto log=L03GB7WK new;
MPRINT(EM_DIAGRAM):   run;
