NOTE: PROCEDURE PRINTTO used (Total process time):
      real time           0.00 seconds
      cpu time            0.00 seconds
      

Traverser: Traverser invoked.  MPCONNECT command is !sascmdv -nosyntaxcheck -noasynchio -noobjectserver. 
Traverser: Beginning flow traversal 
15622      data _null_;
MPRINT(EM_DIAGRAM):    data _null_;
15623      file emwipmsg;
MPRINT(EM_DIAGRAM):   file emwipmsg;
15624      put '<Node Id="Ids2" Event="Run" Pid="10208" Gridid=""/>';
MPRINT(EM_DIAGRAM):   put '<Node Id="Ids2" Event="Run" Pid="10208" Gridid=""/>';
15625      run;
MPRINT(EM_DIAGRAM):   run;

NOTE: The file EMWIPMSG is:
      Local Host Name=Andras,
      Local Host IP addr=fe80::4da5:d663:f545:4576%4,
      Peer Hostname Name=Andras,
      Peer IP addr=127.0.0.1,Peer Name=N/A,
      Peer Portno=62065,Lrecl=256,Recfm=Variable

NOTE: 1 record was written to the file EMWIPMSG.
      The minimum record length was 51.
      The maximum record length was 51.
NOTE: DATA statement used (Total process time):
      real time           0.00 seconds
      cpu time            0.00 seconds
      

15626      %let emloopmode =;
*------------------------------------------------------------* 
* 
* Ids2 : Beginning update before running 
* datetime : 13DEC2015:23:38:01 
* 
*------------------------------------------------------------* 
MPRINT(EM_DIAGRAM):     filename _emtool_ 'F:\Dropbox\NOVA\1st\DataMining\Project\DataMining\Insurance\SAS_Miner\Insurance\Workspaces\EMWS1\Ids2\PROPERTIES.xml' encoding="UTF-8" NOBOM;
*------------------------------------------------------------* 
* 
* Ids2 : End update 
* datetime : 13DEC2015:23:38:01 
* 
*------------------------------------------------------------* 
15628      %em_getactionstatus(emlib =EMWS1, nodeid=Ids2);
MPRINT(EM_DIAGRAM):   
MPRINT(EM_GETACTIONSTATUS):   proc display c=sashelp.emutil.getactionstatus.scl;
MPRINT(EM_GETACTIONSTATUS):   run;

15629      %let em_Train = N;
15630      %let em_Score = N;
15631      %let em_Report = N;
15632      %let em_Run = N;
NOTE: PROCEDURE DISPLAY used (Total process time):
      real time           0.00 seconds
      cpu time            0.00 seconds
      

MPRINT(EM_GETACTIONSTATUS):   
MPRINT(EM_DIAGRAM):  ;

Node "Ids2" has already run. 
Node "Ids2" succeeded. 
15633      data _null_;
MPRINT(EM_DIAGRAM):    data _null_;
15634      file emwipmsg;
MPRINT(EM_DIAGRAM):   file emwipmsg;
15635      put '<Node Id="Ids2" Event="Complete" Pid="10208" Gridid=""/>';
MPRINT(EM_DIAGRAM):   put '<Node Id="Ids2" Event="Complete" Pid="10208" Gridid=""/>';
15636      run;
MPRINT(EM_DIAGRAM):   run;

NOTE: The file EMWIPMSG is:
      Local Host Name=Andras,
      Local Host IP addr=fe80::4da5:d663:f545:4576%4,
      Peer Hostname Name=Andras,
      Peer IP addr=127.0.0.1,Peer Name=N/A,
      Peer Portno=62065,Lrecl=256,Recfm=Variable

NOTE: 1 record was written to the file EMWIPMSG.
      The minimum record length was 56.
      The maximum record length was 56.
NOTE: DATA statement used (Total process time):
      real time           0.00 seconds
      cpu time            0.00 seconds
      

traverser_readyNode_note 
15637      data _null_;
MPRINT(EM_DIAGRAM):    data _null_;
15638      file emwipmsg;
MPRINT(EM_DIAGRAM):   file emwipmsg;
15639      put '<Node Id="Stat2" Event="Run" Pid="10208" Gridid=""/>';
MPRINT(EM_DIAGRAM):   put '<Node Id="Stat2" Event="Run" Pid="10208" Gridid=""/>';
15640      run;
MPRINT(EM_DIAGRAM):   run;

NOTE: The file EMWIPMSG is:
      Local Host Name=Andras,
      Local Host IP addr=fe80::4da5:d663:f545:4576%4,
      Peer Hostname Name=Andras,
      Peer IP addr=127.0.0.1,Peer Name=N/A,
      Peer Portno=62065,Lrecl=256,Recfm=Variable

NOTE: 1 record was written to the file EMWIPMSG.
      The minimum record length was 52.
      The maximum record length was 52.
NOTE: DATA statement used (Total process time):
      real time           0.00 seconds
      cpu time            0.00 seconds
      

15641      %let emloopmode =;
*------------------------------------------------------------* 
* 
* Stat2 : Beginning update before running 
* datetime : 13DEC2015:23:38:01 
* 
*------------------------------------------------------------* 
MPRINT(EM_DIAGRAM):     data WORK.Stat2_FILTERSET;
MPRINT(EM_DIAGRAM):   length PORT $32 USE $1;
MPRINT(EM_DIAGRAM):   DROP DELTACODE APPLYDELTA APPLYSCORE IMPORTPORT;
MPRINT(EM_DIAGRAM):   set EMWS1.Ids2_exportSet ;
MPRINT(EM_DIAGRAM):   PORT = '';
MPRINT(EM_DIAGRAM):   USE = '';
MPRINT(EM_DIAGRAM):   where role in( "RAW" "TRAIN" "VALIDATE" "TEST" "SCORE" ) and EXPORT = 'Y' ;
MPRINT(EM_DIAGRAM):   run;
NOTE: This SAS session is using a registry in WORK.  All changes will be lost at the end of this session.
15661      data _null_;
MPRINT(EM_DIAGRAM):    data _null_;
15662      set EMWS1.Ids2_CMeta_DATA (obs=1);
MPRINT(EM_DIAGRAM):   set EMWS1.Ids2_CMeta_DATA (obs=1);
15663      run;
MPRINT(EM_DIAGRAM):   run;

NOTE: There were 1 observations read from the data set EMWS1.IDS2_CMETA_DATA.
NOTE: DATA statement used (Total process time):
      real time           0.00 seconds
      cpu time            0.00 seconds
      

15664      *------------------------------------------------------------*;
MPRINT(EM_DIAGRAM):    *------------------------------------------------------------*;
15665      * Stat2: Update Variables Set;
MPRINT(EM_DIAGRAM):   * Stat2: Update Variables Set;
15666      *------------------------------------------------------------*;
MPRINT(EM_DIAGRAM):   *------------------------------------------------------------*;

15667      data EMWS1.Stat2_VariableSet;
MPRINT(EM_DIAGRAM):    data EMWS1.Stat2_VariableSet;
15668      length USE $1;
MPRINT(EM_DIAGRAM):   length USE $1;
15669      label USE = "Use";
MPRINT(EM_DIAGRAM):   label USE = "Use";
15670      length REPORT $1;
MPRINT(EM_DIAGRAM):   length REPORT $1;
15671      label REPORT = "Report";
MPRINT(EM_DIAGRAM):   label REPORT = "Report";
15672      set EMWS1.Ids2_CMeta_DATA;
MPRINT(EM_DIAGRAM):   set EMWS1.Ids2_CMeta_DATA;
15673      where(ROLE in("ID" "SEGMENT" "TARGET" "INPUT" "REJECTED" "PREDICT" "RESIDUAL" "DECISION" "FREQ"));
MPRINT(EM_DIAGRAM):   where(ROLE in("ID" "SEGMENT" "TARGET" "INPUT" "REJECTED" "PREDICT" "RESIDUAL" "DECISION" "FREQ"));
15674      run;
MPRINT(EM_DIAGRAM):   run;

NOTE: Variable USE is uninitialized.
NOTE: There were 13 observations read from the data set EMWS1.IDS2_CMETA_DATA.
      WHERE ROLE in ('DECISION', 'FREQ', 'ID', 'INPUT', 'PREDICT', 'REJECTED', 'RESIDUAL', 'SEGMENT', 'TARGET');
NOTE: The data set EMWS1.STAT2_VARIABLESET has 13 observations and 21 variables.
NOTE: DATA statement used (Total process time):
      real time           0.00 seconds
      cpu time            0.00 seconds
      

15675      * Stat2: End of Update Variables Set;
MPRINT(EM_DIAGRAM):    * Stat2: End of Update Variables Set;
15676      *------------------------------------------------------------*;
MPRINT(EM_DIAGRAM):   *------------------------------------------------------------*;

MPRINT(EM_DIAGRAM):    filename _emtool_ 'F:\Dropbox\NOVA\1st\DataMining\Project\DataMining\Insurance\SAS_Miner\Insurance\Workspaces\EMWS1\Stat2\PROPERTIES.xml' encoding="UTF-8" NOBOM;
*------------------------------------------------------------* 
* 
* Stat2 : End update 
* datetime : 13DEC2015:23:38:02 
* 
*------------------------------------------------------------* 
15678      %em_getactionstatus(emlib =EMWS1, nodeid=Stat2);
MPRINT(EM_DIAGRAM):   
MPRINT(EM_GETACTIONSTATUS):   proc display c=sashelp.emutil.getactionstatus.scl;
MPRINT(EM_GETACTIONSTATUS):   run;

15679      %let em_Train = Y;
15680      %let em_Report = Y;
15681      %let em_Score = Y;
15682      %let em_Run = Y;
NOTE: PROCEDURE DISPLAY used (Total process time):
      real time           0.00 seconds
      cpu time            0.00 seconds
      

MPRINT(EM_GETACTIONSTATUS):   
MPRINT(EM_DIAGRAM):  ;

15683      %let emloopmode =;
15684      %let emloopnumber =0;
15685      %let emloopId =Stat2;
*------------------------------------------------------------* 
* 
* Stat2 : Running 
* datetime : 13DEC2015:23:38:02 
* 
*------------------------------------------------------------* 
15686      %let SYSCC =0;
15687      %let EMGROUPMODE =;
15688      %let EMGROUPID =;
MPRINT(EM_DIAGRAM):      filename temp catalog 'sashelp.emutil.em_vardist.source';
MPRINT(EM_DIAGRAM):   filename temp;
MPRINT(EM_DIAGRAM):   filename temp catalog 'sashelp.emutil.em_classdist.source';
MPRINT(EM_DIAGRAM):   filename temp;
MPRINT(EM_DIAGRAM):   filename temp catalog 'sashelp.emutil.em_checksetinit.source';
MPRINT(EM_DIAGRAM):   filename temp;
MPRINT(EM_DIAGRAM):   filename temp catalog 'sashelp.emutil.em_checkerror.source';
MPRINT(EM_DIAGRAM):   filename temp;
MPRINT(EM_DIAGRAM):   filename temp catalog 'sashelp.emutil.em_odsliston.source';
MPRINT(EM_DIAGRAM):   filename temp;
MPRINT(EM_DIAGRAM):   filename temp catalog 'sashelp.emutil.em_odslistoff.source';
MPRINT(EM_DIAGRAM):   filename temp;
MPRINT(EM_DIAGRAM):   filename temp catalog 'sashelp.emutil.em_getvarname.source';
MPRINT(EM_DIAGRAM):   filename temp;
MPRINT(EM_DIAGRAM):   filename temp catalog 'sashelp.emassmt.em_assess.source';
MPRINT(EM_DIAGRAM):   filename temp;
MPRINT(EM_DIAGRAM):    filename L1MTHF6G "F:\Dropbox\NOVA\1st\DataMining\Project\DataMining\Insurance\SAS_Miner\Insurance\Workspaces\EMWS1\Stat2\EMTRAIN.log" encoding="UTF-8" NOBOM;
MPRINT(EM_DIAGRAM):   proc printto log=L1MTHF6G new;
MPRINT(EM_DIAGRAM):   run;
