1 
Traverser: Traverser invoked.  MPCONNECT command is sas. 
Traverser: Beginning flow traversal 
*------------------------------------------------------------* 
* 
* Ids2 : Beginning Update 
* datetime : 13DEC2015:23:36:32 
* 
*------------------------------------------------------------* 
*------------------------------------------------------------* 
* 
* Ids2 : End Update 
* datetime : 13DEC2015:23:36:32 
* 
*------------------------------------------------------------* 
traverser_readyNode_note 
*------------------------------------------------------------* 
* 
* Plot3 : Beginning Update 
* datetime : 13DEC2015:23:36:33 
* 
*------------------------------------------------------------* 
*------------------------------------------------------------* 
* 
* Plot3 : End Update 
* datetime : 13DEC2015:23:36:33 
* 
*------------------------------------------------------------* 
Traverser: Run Completed 
