MPRINT(EM_DIAGRAM):    data _null_;
MPRINT(EM_DIAGRAM):   call symput('NLDATE', strip(put(date(), NLDATE.)));
MPRINT(EM_DIAGRAM):   call symput('NLTIME', strip(put(datetime(), NLTIME.)));
MPRINT(EM_DIAGRAM):   run;
MPRINT(EM_DIAGRAM):   data _null_;
MPRINT(EM_DIAGRAM):   nldate= sasmsg("sashelp.dmine", "log_date_note", 'N', "15 December 2015" );
MPRINT(EM_DIAGRAM):   nltime= sasmsg("sashelp.dmine", "log_time_note", 'N', "17:54:15 o'clock" );
MPRINT(EM_DIAGRAM):   put "*------------------------------------------------------------*";
MPRINT(EM_DIAGRAM):   put "* Report Log";
MPRINT(EM_DIAGRAM):   put nldate;
MPRINT(EM_DIAGRAM):   put nltime;
MPRINT(EM_DIAGRAM):   put "*------------------------------------------------------------*";
MPRINT(EM_DIAGRAM):   run;
*------------------------------------------------------------*
* Report Log
Date:                15 December 2015
Time:                17:54:15 o'clock
*------------------------------------------------------------*
MPRINT(EM_DIAGRAM):    filename O0RQ3YS7 "F:\Dropbox\NOVA\1st\DataMining\Project\DataMining\Songs\SAS_Miner\Songs\Workspaces\EMWS1\SOM\EMREPORT.out" encoding="UTF-8" NOBOM;
MPRINT(EM_DIAGRAM):   proc printto print=O0RQ3YS7 new;
MPRINT(EM_DIAGRAM):   run;
34677      %let EMEXCEPTIONSTRING=;
34678      *------------------------------------------------------------*;
MPRINT(EM_DIAGRAM):    *------------------------------------------------------------*;
34679      * REPORT: SOM;
MPRINT(EM_DIAGRAM):   * REPORT: SOM;
34680      *------------------------------------------------------------*;
MPRINT(EM_DIAGRAM):   *------------------------------------------------------------*;
34681      %let EM_ACTION = REPORT;
34682      %let syscc = 0;
34683      %macro main;
34684         filename temp catalog 'sashelp.emexpl.som_macros.source';
34685         %include temp;
34686         filename temp;
34687      
34688         %SetProperties;
34689      
34690         %if %upcase(&EM_ACTION) = CREATE %then %do;
34691      
34692             filename temp catalog 'sashelp.emexpl.som_create.source';
34693             %include temp;
34694             filename temp;
34695             %create;
34696         %end;
34697         %else
34698         %if %upcase(&EM_ACTION) = TRAIN %then %do;
34699      
34700             filename temp catalog 'sashelp.emexpl.som_train.source';
34701             %include temp;
34702             filename temp;
34703             %train;
34704         %end;
34705         %else
34706         %if %upcase(&EM_ACTION) = SCORE %then %do;
34707      
34708             filename temp catalog 'sashelp.emexpl.som_score.source';
34709             %include temp;
34710             filename temp;
34711      
34712             %score;
34713         %end;
34714      
34715      %mend main;
34716      %main;
MPRINT(EM_DIAGRAM):    
MPRINT(MAIN):   filename temp catalog 'sashelp.emexpl.som_macros.source';
NOTE: %INCLUDE (level 1) file TEMP is file SASHELP.EMEXPL.SOM_MACROS.SOURCE.
34717     +%macro SetProperties;
34718     +   %em_checkmacro(name=EM_PROPERTY_METHOD,      global=Y, value=BATCHSOM);
34719     +   %em_checkmacro(name=EM_PROPERTY_SEGMENTROLE, global=Y, value=SEGMENT);
34720     +   %em_checkmacro(name=EM_PROPERTY_STDMETHOD,   global=Y, value=NONE);
34721     +   %em_checkmacro(name=EM_PROPERTY_METHOD,      global=Y, value=BATCHSOM);
34722     +   %em_checkmacro(name=EM_PROPERTY_MAXC,        global=Y, value=10);
34723     +   %em_checkmacro(name=EM_PROPERTY_NROW,        global=Y, value=4);
34724     +   %em_checkmacro(name=EM_PROPERTY_NCOLUMN,     global=Y, value=6);
34725     +   %em_checkmacro(name=EM_PROPERTY_RADIUS,      global=Y, value=0);
34726     +   %em_checkmacro(name=EM_PROPERTY_INITIALMETHOD,    global=Y, value=DEFAULT);
34727     +   %em_checkmacro(name=EM_PROPERTY_NOMINALENCODING,  global=Y, value=DEFAULT);
34728     +   %em_checkmacro(name=EM_PROPERTY_ORDINALENCODING,  global=Y, value=DEFAULT);
34729     +   %em_checkmacro(name=EM_PROPERTY_IMPUTATIONMETHOD,    global=Y, value=NONE);
34730     +   %em_checkmacro(name=EM_PROPERTY_MISSINGINTERVAL,     global=Y, value=DEFAULT);
34731     +   %em_checkmacro(name=EM_PROPERTY_MISSINGNOMINAL,      global=Y, value=DEFAULT);
34732     +   %em_checkmacro(name=EM_PROPERTY_MISSINGORDINAL,      global=Y, value=DEFAULT);
34733     +   %em_checkmacro(name=EM_PROPERTY_HIDEVARIABLE,        global=Y, value=Y);
34734     +   %em_checkmacro(name=EM_PROPERTY_SOMDEFAULTS,         global=Y, value=Y);
34735     +   %em_checkmacro(name=EM_PROPERTY_LLSOM,               global=Y, value=Y);
34736     +   %em_checkmacro(name=EM_PROPERTY_NWSOM,               global=Y, value=Y);
34737     +   %em_checkmacro(name=EM_PROPERTY_LLCONVERGE,          global=Y, value=0.0001);
34738     +   %em_checkmacro(name=EM_PROPERTY_LLMAXITER,           global=Y, value=10);
34739     +   %em_checkmacro(name=EM_PROPERTY_NWCONVERGE,          global=Y, value=0.0001);
34740     +   %em_checkmacro(name=EM_PROPERTY_NWMAXITER,           global=Y, value=10);
34741     +   %em_checkmacro(name=EM_PROPERTY_NDEFAULTS,           global=Y, value=Y);
34742     +   %em_checkmacro(name=EM_PROPERTY_NSIZE,               global=Y, value=5);
34743     +   %em_checkmacro(name=EM_PROPERTY_KERNEL,              global=Y, value=1);
34744     +   %em_checkmacro(name=EM_PROPERTY_KMETRIC,             global=Y, value=0);
34745     +   %em_checkmacro(name=EM_PROPERTY_NINITIAL,            global=Y, value=5);
34746     +   %em_checkmacro(name=EM_PROPERTY_NFINAL,              global=Y, value=0);
34747     +   %em_checkmacro(name=EM_PROPERTY_NRESET,              global=Y, value=100);
34748     +   %em_checkmacro(name=EM_PROPERTY_NSTEPS,              global=Y, value=1000);
34749     +   %em_checkmacro(name=EM_PROPERTY_NITER,               global=Y, value=3);
34750     +   %em_checkmacro(name=EM_PROPERTY_KDEFAULTS,           global=Y, value=Y);
34751     +   %em_checkmacro(name=EM_PROPERTY_KBATCH,              global=Y, value=N);
34752     +   %em_checkmacro(name=EM_PROPERTY_LEARN,               global=Y, value=0.9);
34753     +   %em_checkmacro(name=EM_PROPERTY_LEARNINITIAL,        global=Y, value=0.9);
34754     +   %em_checkmacro(name=EM_PROPERTY_LEARNFINAL,          global=Y, value=0.2);
34755     +   %em_checkmacro(name=EM_PROPERTY_LEARNSTEPS,          global=Y, value=1000);
34756     +   %em_checkmacro(name=EM_PROPERTY_KMAXSTEPS,           global=Y, value=1200);
34757     +   %em_checkmacro(name=EM_PROPERTY_KMAXITER,            global=Y, value=100);
34758     +   %em_checkmacro(name=EM_PROPERTY_KCONVERGE,           global=Y, value=0.0001);
34759     +   %em_checkmacro(name=EM_PROPERTY_EXPORTEDVARS,        global=Y, value=All);
34761     +%mend SetProperties;
NOTE: %INCLUDE (level 1) ending.
MPRINT(MAIN):   filename temp;
NOTE: Fileref TEMP has been deassigned.
MPRINT(SETPROPERTIES):  ;
MPRINT(SETPROPERTIES):  ;
MPRINT(SETPROPERTIES):  ;
MPRINT(SETPROPERTIES):  ;
MPRINT(SETPROPERTIES):  ;
MPRINT(SETPROPERTIES):  ;
MPRINT(SETPROPERTIES):  ;
MPRINT(SETPROPERTIES):  ;
MPRINT(SETPROPERTIES):  ;
MPRINT(SETPROPERTIES):  ;
MPRINT(SETPROPERTIES):  ;
MPRINT(SETPROPERTIES):  ;
MPRINT(SETPROPERTIES):  ;
MPRINT(SETPROPERTIES):  ;
MPRINT(SETPROPERTIES):  ;
MPRINT(SETPROPERTIES):  ;
MPRINT(SETPROPERTIES):  ;
MPRINT(SETPROPERTIES):  ;
MPRINT(SETPROPERTIES):  ;
MPRINT(SETPROPERTIES):  ;
MPRINT(SETPROPERTIES):  ;
MPRINT(SETPROPERTIES):  ;
MPRINT(SETPROPERTIES):  ;
MPRINT(SETPROPERTIES):  ;
MPRINT(SETPROPERTIES):  ;
MPRINT(SETPROPERTIES):  ;
MPRINT(SETPROPERTIES):  ;
MPRINT(SETPROPERTIES):  ;
MPRINT(SETPROPERTIES):  ;
MPRINT(SETPROPERTIES):  ;
MPRINT(SETPROPERTIES):  ;
MPRINT(SETPROPERTIES):  ;
MPRINT(SETPROPERTIES):  ;
MPRINT(SETPROPERTIES):  ;
MPRINT(SETPROPERTIES):  ;
MPRINT(SETPROPERTIES):  ;
MPRINT(SETPROPERTIES):  ;
MPRINT(SETPROPERTIES):  ;
MPRINT(SETPROPERTIES):  ;
MPRINT(SETPROPERTIES):  ;
MPRINT(SETPROPERTIES):  ;
MPRINT(SETPROPERTIES):  ;
MPRINT(MAIN):  ;
MPRINT(EM_DIAGRAM):  ;
MPRINT(EM_DIAGRAM):   *------------------------------------------------------------*;
MPRINT(EM_DIAGRAM):   * End REPORT: SOM;
MPRINT(EM_DIAGRAM):   *------------------------------------------------------------*;
34763      
34764      *------------------------------------------------------------*;
34765      * End REPORT: SOM;
34766      *------------------------------------------------------------*;

34767      /* Reset EM Options */
34768      options formchar="|----|+|---+=|-/\<>*";
MPRINT(EM_DIAGRAM):    options formchar="|----|+|---+=|-/\<>*";
34769      options nocenter ls=256 ps=10000;
MPRINT(EM_DIAGRAM):   options nocenter ls=256 ps=10000;
34770      goptions reset=all device=WMF NODISPLAY;
MPRINT(EM_DIAGRAM):   goptions reset=all device=WMF NODISPLAY;
MPRINT(EM_DIAGRAM):    proc printto;
MPRINT(EM_DIAGRAM):   run;
