 
                                                                                                                                                                                                                                                                
 
 
Variable Summary

            Measurement    Frequency
Role           Level         Count

ID           NOMINAL            1   
INPUT        INTERVAL          13   
INPUT        NOMINAL            3   
REJECTED     INTERVAL           1   
SEGMENT      NOMINAL            1   
TEXT         NOMINAL            1   
 
                                                                                                                                                                                                                                                                
 
 
Frequencies: SOM_SEGMENT

                                       Percent of
  Segment      Segment    Frequency       Total
 Variable       Value       Count       Frequency

SOM_SEGMENT    5               208       9.13884 
SOM_SEGMENT    24              186       8.17223 
SOM_SEGMENT    11              134       5.88752 
SOM_SEGMENT    6               131       5.75571 
SOM_SEGMENT    16              121       5.31634 
SOM_SEGMENT    10              119       5.22847 
SOM_SEGMENT    15              109       4.78910 
SOM_SEGMENT    25              109       4.78910 
SOM_SEGMENT    14              108       4.74517 
SOM_SEGMENT    1               102       4.48155 
SOM_SEGMENT    20              101       4.43761 
SOM_SEGMENT    19               90       3.95431 
SOM_SEGMENT    4                87       3.82250 
SOM_SEGMENT    9                87       3.82250 
SOM_SEGMENT    2                86       3.77856 
SOM_SEGMENT    21               85       3.73462 
SOM_SEGMENT    3                67       2.94376 
SOM_SEGMENT    23               67       2.94376 
SOM_SEGMENT    7                55       2.41652 
SOM_SEGMENT    13               54       2.37258 
SOM_SEGMENT    8                51       2.24077 
SOM_SEGMENT    12               43       1.88928 
SOM_SEGMENT    _OTHER_          76       3.33919 
 
                                                                                                                                                                                                                                                                
 
Variable: SOM_SEGMENT Segment: 5 Count: 208
Decision Tree Importance Profiles

Variable              Worth     Rank

danceability        0.058965      1 
SOM_DIMENSION1      0.052419      2 
valence             0.046232      3 
SOM_DIMENSION2      0.042147      4 
artist_name         0.028523      5 
energy              0.019649      6 
song_hotttnesss     0.018394      7 
instrumentalness    0.014432      8 
duration            0.014033      9 
loudness            0.013306     10 
 
                                                                                                                                                                                                                                                                
 
Variable: SOM_SEGMENT Segment: 24 Count: 186
Decision Tree Importance Profiles

Variable            Worth     Rank

SOM_DIMENSION1    0.052021      1 
SOM_DIMENSION2    0.041124      2 
energy            0.029808      3 
artist_name       0.024466      4 
acousticness      0.023261      5 
speechiness       0.023107      6 
danceability      0.017902      7 
liveness          0.011951      8 
loudness          0.008061      9 
valence           0.007742     10 
 
                                                                                                                                                                                                                                                                
 
Variable: SOM_SEGMENT Segment: 11 Count: 134
Decision Tree Importance Profiles

Variable              Worth     Rank

SOM_DIMENSION1      0.028287      1 
SOM_DIMENSION2      0.020604      2 
acousticness        0.015755      3 
loudness            0.014919      4 
artist_name         0.014858      5 
energy              0.014362      6 
valence             0.010300      7 
danceability        0.008971      8 
instrumentalness    0.006916      9 
song_hotttnesss     0.006491     10 
 
                                                                                                                                                                                                                                                                
 
Variable: SOM_SEGMENT Segment: 6 Count: 131
Decision Tree Importance Profiles

Variable              Worth     Rank

SOM_DIMENSION1      0.027415      1 
SOM_DIMENSION2      0.019692      2 
acousticness        0.016813      3 
energy              0.016418      4 
artist_name         0.014353      5 
loudness            0.014351      6 
instrumentalness    0.012519      7 
valence             0.005810      8 
song_hotttnesss     0.004978      9 
danceability        0.004951     10 
 
                                                                                                                                                                                                                                                                
 
Variable: SOM_SEGMENT Segment: 16 Count: 121
Decision Tree Importance Profiles

Variable              Worth     Rank

SOM_DIMENSION1      0.029119      1 
danceability        0.021858      2 
valence             0.021464      3 
artist_name         0.018622      4 
SOM_DIMENSION2      0.016800      5 
loudness            0.016289      6 
energy              0.013534      7 
duration            0.012100      8 
acousticness        0.012049      9 
instrumentalness    0.009720     10 
 
                                                                                                                                                                                                                                                                
 
Variable: SOM_SEGMENT Segment: 10 Count: 119
Decision Tree Importance Profiles

Variable              Worth     Rank

SOM_DIMENSION1      0.022622      1 
SOM_DIMENSION2      0.013795      2 
artist_name         0.012041      3 
energy              0.007488      4 
danceability        0.006699      5 
valence             0.006621      6 
loudness            0.006178      7 
instrumentalness    0.005971      8 
duration            0.004959      9 
acousticness        0.004368     10 
 
                                                                                                                                                                                                                                                                
 
Variable: SOM_SEGMENT Segment: 15 Count: 109
Decision Tree Importance Profiles

Variable              Worth     Rank

SOM_DIMENSION1      0.018717      1 
SOM_DIMENSION2      0.011574      2 
artist_name         0.009227      3 
energy              0.005907      4 
loudness            0.005662      5 
valence             0.004550      6 
song_hotttnesss     0.004091      7 
acousticness        0.004040      8 
instrumentalness    0.003645      9 
tempo               0.003603     10 
 
                                                                                                                                                                                                                                                                
 
Variable: SOM_SEGMENT Segment: 25 Count: 109
Decision Tree Importance Profiles

Variable            Worth     Rank

SOM_DIMENSION1    0.017865      1 
artist_name       0.012466      2 
SOM_DIMENSION2    0.011574      3 
speechiness       0.011494      4 
liveness          0.010719      5 
energy            0.010576      6 
tempo             0.008262      7 
loudness          0.007181      8 
acousticness      0.005061      9 
danceability      0.003786     10 
 
                                                                                                                                                                                                                                                                
 
Variable: SOM_SEGMENT Segment: 14 Count: 108
Decision Tree Importance Profiles

Variable             Worth     Rank

SOM_DIMENSION1     0.018375      1 
SOM_DIMENSION2     0.013865      2 
artist_name        0.009191      3 
energy             0.003744      4 
acousticness       0.003260      5 
loudness           0.003002      6 
danceability       0.002991      7 
valence            0.002124      8 
song_hotttnesss    0.001902      9 
duration           0.001776     10 
 
                                                                                                                                                                                                                                                                
 
Variable: SOM_SEGMENT Segment: 1 Count: 102
Decision Tree Importance Profiles

Variable              Worth     Rank

artist_name         0.014937      1 
acousticness        0.012737      2 
SOM_DIMENSION1      0.012606      3 
SOM_DIMENSION2      0.011938      4 
energy              0.011893      5 
loudness            0.011042      6 
instrumentalness    0.008598      7 
tempo               0.006471      8 
duration            0.003993      9 
valence             0.002504     10 
 
                                                                                                                                                                                                                                                                
 
Variable: SOM_SEGMENT Segment: 20 Count: 101
Decision Tree Importance Profiles

Variable             Worth     Rank

SOM_DIMENSION1     0.020288      1 
SOM_DIMENSION2     0.009938      2 
artist_name        0.007710      3 
loudness           0.005322      4 
energy             0.004933      5 
speechiness        0.004900      6 
acousticness       0.003586      7 
tempo              0.003193      8 
liveness           0.002899      9 
song_hotttnesss    0.002802     10 
 
                                                                                                                                                                                                                                                                
 
Variable: SOM_SEGMENT Segment: 19 Count: 90
Decision Tree Importance Profiles

Variable            Worth     Rank

SOM_DIMENSION1    0.016110      1 
SOM_DIMENSION2    0.009629      2 
artist_name       0.007766      3 
acousticness      0.002781      4 
energy            0.002685      5 
liveness          0.002251      6 
danceability      0.002163      7 
loudness          0.002037      8 
duration          0.002013      9 
valence           0.001930     10 
 
                                                                                                                                                                                                                                                                
 
Variable: SOM_SEGMENT Segment: 4 Count: 87
Decision Tree Importance Profiles

Variable                 Worth    Rank

SOM_DIMENSION1      .009170692      1 
SOM_DIMENSION2      .008997315      2 
artist_name         .008380365      3 
energy              .007467517      4 
danceability        .006372635      5 
acousticness        .004331637      6 
loudness            .003430258      7 
speechiness         .003389026      8 
valence             .003243837      9 
instrumentalness    .002284956     10 
 
                                                                                                                                                                                                                                                                
 
Variable: SOM_SEGMENT Segment: 9 Count: 87
Decision Tree Importance Profiles

Variable              Worth     Rank

SOM_DIMENSION1      0.012092      1 
SOM_DIMENSION2      0.008997      2 
artist_name         0.006110      3 
energy              0.005033      4 
danceability        0.002888      5 
acousticness        0.002807      6 
loudness            0.001944      7 
instrumentalness    0.001862      8 
valence             0.001709      9 
tempo               0.001589     10 
 
                                                                                                                                                                                                                                                                
 
Variable: SOM_SEGMENT Segment: 2 Count: 86
Decision Tree Importance Profiles

Variable              Worth     Rank

SOM_DIMENSION2      0.026957      1 
artist_name         0.009310      2 
SOM_DIMENSION1      0.008961      3 
energy              0.008523      4 
acousticness        0.006639      5 
loudness            0.006086      6 
danceability        0.004128      7 
instrumentalness    0.001997      8 
valence             0.001954      9 
liveness            0.001456     10 
 
                                                                                                                                                                                                                                                                
 
Variable: SOM_SEGMENT Segment: 21 Count: 85
Decision Tree Importance Profiles

Variable              Worth     Rank

duration            0.019412      1 
danceability        0.015522      2 
valence             0.014733      3 
artist_name         0.014447      4 
SOM_DIMENSION1      0.010864      5 
SOM_DIMENSION2      0.008291      6 
loudness            0.007107      7 
energy              0.006543      8 
instrumentalness    0.006039      9 
time_signature      0.005187     10 
 
                                                                                                                                                                                                                                                                
 
Variable: SOM_SEGMENT Segment: 3 Count: 67
Decision Tree Importance Profiles

Variable              Worth     Rank

SOM_DIMENSION2      0.012305      1 
artist_name         0.006616      2 
SOM_DIMENSION1      0.005439      3 
energy              0.005353      4 
acousticness        0.004154      5 
danceability        0.002918      6 
loudness            0.002867      7 
valence             0.001990      8 
speechiness         0.001186      9 
instrumentalness    0.000943     10 
 
                                                                                                                                                                                                                                                                
 
Variable: SOM_SEGMENT Segment: 23 Count: 67
Decision Tree Importance Profiles

Variable              Worth     Rank

SOM_DIMENSION2      0.012305      1 
artist_name         0.007435      2 
SOM_DIMENSION1      0.006750      3 
acousticness        0.003514      4 
danceability        0.003363      5 
speechiness         0.002282      6 
liveness            0.001725      7 
energy              0.001503      8 
instrumentalness    0.001395      9 
duration            0.001351     10 
 
                                                                                                                                                                                                                                                                
 
Variable: SOM_SEGMENT Segment: 7 Count: 55
Decision Tree Importance Profiles

Variable            Worth     Rank

SOM_DIMENSION2    0.011026      1 
artist_name       0.005845      2 
SOM_DIMENSION1    0.004832      3 
energy            0.003558      4 
acousticness      0.003209      5 
loudness          0.001979      6 
duration          0.001842      7 
danceability      0.001586      8 
speechiness       0.000719      9 
valence           0.000630     10 
 
                                                                                                                                                                                                                                                                
 
Variable: SOM_SEGMENT Segment: 13 Count: 54
Decision Tree Importance Profiles

Variable               Worth    Rank

SOM_DIMENSION2    .007992996      1 
artist_name       .004733675      2 
SOM_DIMENSION1    .004593790      3 
energy            .002529920      4 
loudness          .001910609      5 
acousticness      .001787497      6 
danceability      .001166721      7 
speechiness       .001136782      8 
valence           .000864648      9 
duration          .000735273     10 
 
                                                                                                                                                                                                                                                                
 
Variable: SOM_SEGMENT Segment: 8 Count: 51
Decision Tree Importance Profiles

Variable                Worth    Rank

SOM_DIMENSION2     .007129555      1 
SOM_DIMENSION1     .004155130      2 
artist_name        .003779488      3 
energy             .002324505      4 
acousticness       .001888900      5 
loudness           .001263438      6 
danceability       .000949295      7 
tempo              .000809090      8 
speechiness        .000590427      9 
song_hotttnesss    .000571076     10 
 
                                                                                                                                                                                                                                                                
 
Variable: SOM_SEGMENT Segment: 12 Count: 43
Decision Tree Importance Profiles

Variable                 Worth    Rank

SOM_DIMENSION2      .006739245      1 
artist_name         .003267948      2 
SOM_DIMENSION1      .002912866      3 
energy              .002114651      4 
acousticness        .001669368      5 
loudness            .001607368      6 
song_hotttnesss     .001009792      7 
danceability        .001003041      8 
duration            .000804753      9 
instrumentalness    .000769019     10 
 
                                                                                                                                                                                                                                                                
 
Variable: SOM_SEGMENT Segment: _OTHER_ Count: 76
Decision Tree Importance Profiles

Variable                 Worth    Rank

SOM_DIMENSION2      .007945999      1 
SOM_DIMENSION1      .006371600      2 
artist_name         .006101400      3 
liveness            .003326976      4 
energy              .002692560      5 
danceability        .002234468      6 
loudness            .002163619      7 
instrumentalness    .001812772      8 
duration            .001691574      9 
acousticness        .001383900     10 
